::1 - - [18/Apr/2020:07:12:58 +0000] "OPTIONS /auth/status HTTP/1.1" 200 12 "http://localhost:3000/" "Mozilla/5.0 (Macintosh; Intel Mac OS X 10_15_2) AppleWebKit/537.36 (KHTML, like Gecko) Chrome/81.0.4044.113 Safari/537.36"
::1 - - [18/Apr/2020:07:12:58 +0000] "OPTIONS /feed/posts?page=1 HTTP/1.1" 200 8 "http://localhost:3000/" "Mozilla/5.0 (Macintosh; Intel Mac OS X 10_15_2) AppleWebKit/537.36 (KHTML, like Gecko) Chrome/81.0.4044.113 Safari/537.36"
::1 - - [18/Apr/2020:07:12:58 +0000] "GET /auth/status HTTP/1.1" 304 - "http://localhost:3000/" "Mozilla/5.0 (Macintosh; Intel Mac OS X 10_15_2) AppleWebKit/537.36 (KHTML, like Gecko) Chrome/81.0.4044.113 Safari/537.36"
::1 - - [18/Apr/2020:07:12:58 +0000] "GET /feed/posts?page=1 HTTP/1.1" 304 - "http://localhost:3000/" "Mozilla/5.0 (Macintosh; Intel Mac OS X 10_15_2) AppleWebKit/537.36 (KHTML, like Gecko) Chrome/81.0.4044.113 Safari/537.36"
::1 - - [18/Apr/2020:07:13:24 +0000] "OPTIONS /feed/post/5e9aa5fd84ab696b1bef34aa HTTP/1.1" 200 19 "http://localhost:3000/" "Mozilla/5.0 (Macintosh; Intel Mac OS X 10_15_2) AppleWebKit/537.36 (KHTML, like Gecko) Chrome/81.0.4044.113 Safari/537.36"
::1 - - [18/Apr/2020:07:13:24 +0000] "PUT /feed/post/5e9aa5fd84ab696b1bef34aa HTTP/1.1" 200 26 "http://localhost:3000/" "Mozilla/5.0 (Macintosh; Intel Mac OS X 10_15_2) AppleWebKit/537.36 (KHTML, like Gecko) Chrome/81.0.4044.113 Safari/537.36"
::1 - - [18/Apr/2020:07:16:26 +0000] "OPTIONS /feed/post/5e9aa5fd84ab696b1bef34aa HTTP/1.1" 200 19 "http://localhost:3000/5e9aa5fd84ab696b1bef34aa" "Mozilla/5.0 (Macintosh; Intel Mac OS X 10_15_2) AppleWebKit/537.36 (KHTML, like Gecko) Chrome/81.0.4044.113 Safari/537.36"
::1 - - [18/Apr/2020:07:16:26 +0000] "GET /feed/post/5e9aa5fd84ab696b1bef34aa HTTP/1.1" 200 554 "http://localhost:3000/5e9aa5fd84ab696b1bef34aa" "Mozilla/5.0 (Macintosh; Intel Mac OS X 10_15_2) AppleWebKit/537.36 (KHTML, like Gecko) Chrome/81.0.4044.113 Safari/537.36"
::1 - - [18/Apr/2020:07:16:26 +0000] "GET /images/2020-04-18T07:13:24.782Z-szromek.png HTTP/1.1" 200 45671 "http://localhost:3000/5e9aa5fd84ab696b1bef34aa" "Mozilla/5.0 (Macintosh; Intel Mac OS X 10_15_2) AppleWebKit/537.36 (KHTML, like Gecko) Chrome/81.0.4044.113 Safari/537.36"
::1 - - [18/Apr/2020:07:16:28 +0000] "OPTIONS /auth/status HTTP/1.1" 200 12 "http://localhost:3000/" "Mozilla/5.0 (Macintosh; Intel Mac OS X 10_15_2) AppleWebKit/537.36 (KHTML, like Gecko) Chrome/81.0.4044.113 Safari/537.36"
::1 - - [18/Apr/2020:07:16:28 +0000] "OPTIONS /feed/posts?page=1 HTTP/1.1" 200 8 "http://localhost:3000/" "Mozilla/5.0 (Macintosh; Intel Mac OS X 10_15_2) AppleWebKit/537.36 (KHTML, like Gecko) Chrome/81.0.4044.113 Safari/537.36"
::1 - - [18/Apr/2020:07:16:28 +0000] "GET /auth/status HTTP/1.1" 304 - "http://localhost:3000/" "Mozilla/5.0 (Macintosh; Intel Mac OS X 10_15_2) AppleWebKit/537.36 (KHTML, like Gecko) Chrome/81.0.4044.113 Safari/537.36"
::1 - - [18/Apr/2020:07:16:28 +0000] "GET /feed/posts?page=1 HTTP/1.1" 200 586 "http://localhost:3000/" "Mozilla/5.0 (Macintosh; Intel Mac OS X 10_15_2) AppleWebKit/537.36 (KHTML, like Gecko) Chrome/81.0.4044.113 Safari/537.36"
::1 - - [18/Apr/2020:07:16:38 +0000] "OPTIONS /feed/post/5e9aa5fd84ab696b1bef34aa HTTP/1.1" 200 19 "http://localhost:3000/" "Mozilla/5.0 (Macintosh; Intel Mac OS X 10_15_2) AppleWebKit/537.36 (KHTML, like Gecko) Chrome/81.0.4044.113 Safari/537.36"
::1 - - [18/Apr/2020:07:16:39 +0000] "PUT /feed/post/5e9aa5fd84ab696b1bef34aa HTTP/1.1" 200 26 "http://localhost:3000/" "Mozilla/5.0 (Macintosh; Intel Mac OS X 10_15_2) AppleWebKit/537.36 (KHTML, like Gecko) Chrome/81.0.4044.113 Safari/537.36"
::1 - - [18/Apr/2020:07:16:42 +0000] "GET /feed/post/5e9aa5fd84ab696b1bef34aa HTTP/1.1" 200 550 "http://localhost:3000/5e9aa5fd84ab696b1bef34aa" "Mozilla/5.0 (Macintosh; Intel Mac OS X 10_15_2) AppleWebKit/537.36 (KHTML, like Gecko) Chrome/81.0.4044.113 Safari/537.36"
::1 - - [18/Apr/2020:07:16:51 +0000] "OPTIONS /auth/status HTTP/1.1" 200 12 "http://localhost:3000/" "Mozilla/5.0 (Macintosh; Intel Mac OS X 10_15_2) AppleWebKit/537.36 (KHTML, like Gecko) Chrome/81.0.4044.113 Safari/537.36"
::1 - - [18/Apr/2020:07:16:51 +0000] "OPTIONS /feed/posts?page=1 HTTP/1.1" 200 8 "http://localhost:3000/" "Mozilla/5.0 (Macintosh; Intel Mac OS X 10_15_2) AppleWebKit/537.36 (KHTML, like Gecko) Chrome/81.0.4044.113 Safari/537.36"
::1 - - [18/Apr/2020:07:16:51 +0000] "GET /auth/status HTTP/1.1" 304 - "http://localhost:3000/" "Mozilla/5.0 (Macintosh; Intel Mac OS X 10_15_2) AppleWebKit/537.36 (KHTML, like Gecko) Chrome/81.0.4044.113 Safari/537.36"
::1 - - [18/Apr/2020:07:16:51 +0000] "GET /feed/posts?page=1 HTTP/1.1" 200 582 "http://localhost:3000/" "Mozilla/5.0 (Macintosh; Intel Mac OS X 10_15_2) AppleWebKit/537.36 (KHTML, like Gecko) Chrome/81.0.4044.113 Safari/537.36"
::1 - - [18/Apr/2020:07:16:56 +0000] "OPTIONS /feed/post/5e9aa5fd84ab696b1bef34aa HTTP/1.1" 200 19 "http://localhost:3000/5e9aa5fd84ab696b1bef34aa" "Mozilla/5.0 (Macintosh; Intel Mac OS X 10_15_2) AppleWebKit/537.36 (KHTML, like Gecko) Chrome/81.0.4044.113 Safari/537.36"
::1 - - [18/Apr/2020:07:16:56 +0000] "GET /feed/post/5e9aa5fd84ab696b1bef34aa HTTP/1.1" 304 - "http://localhost:3000/5e9aa5fd84ab696b1bef34aa" "Mozilla/5.0 (Macintosh; Intel Mac OS X 10_15_2) AppleWebKit/537.36 (KHTML, like Gecko) Chrome/81.0.4044.113 Safari/537.36"
